<?xml version="1.0" encoding="UTF-8"?>
<!-- Generated by org.testng.reporters.JUnitReportReporter -->
<testsuite hostname="DESKTOP-AFEKMFB" failures="0" tests="2" name="com.mystore.testcases.TC_001" time="4.583" errors="0" timestamp="2022-12-25T17:18:29 IST" skipped="1">
  <testcase classname="com.mystore.testcases.TC_001" name="VerifyLoginOfRegisteredCustomer" time="4.583"/>
  <system-out/>
  <testcase classname="com.mystore.testcases.TC_001" name="VerifyRegistrationAndLogin">
    <skipped/>
  </testcase> <!-- VerifyRegistrationAndLogin -->
  <system-out/>
</testsuite> <!-- com.mystore.testcases.TC_001 -->
