<?xml version="1.0" encoding="UTF-8"?>
<!-- Generated by org.testng.reporters.JUnitReportReporter -->
<testsuite hostname="DESKTOP-AFEKMFB" failures="0" tests="2" name="CodeStudio.MavenStudio.TestNGExample" time="0.010" errors="0" timestamp="2022-12-23T10:08:43 IST" skipped="0">
  <testcase classname="CodeStudio.MavenStudio.TestNGExample" name="test1" time="0.009"/>
  <system-out/>
  <testcase classname="CodeStudio.MavenStudio.TestNGExample" name="test2" time="0.001"/>
  <system-out/>
</testsuite> <!-- CodeStudio.MavenStudio.TestNGExample -->
