<?xml version="1.0" encoding="UTF-8"?>
<!-- Generated by org.testng.reporters.JUnitReportReporter -->
<testsuite hostname="DESKTOP-AFEKMFB" failures="0" tests="1" name="CodeStudio.MavenStudio.TestNGDemo" time="27.990" errors="0" timestamp="2022-12-02T21:39:11 IST" skipped="0">
  <testcase classname="CodeStudio.MavenStudio.TestNGDemo" name="verifyPageTitle" time="27.990"/>
  <system-out/>
</testsuite> <!-- CodeStudio.MavenStudio.TestNGDemo -->
