<?xml version="1.0" encoding="UTF-8"?>
<!-- Generated by org.testng.reporters.JUnitReportReporter -->
<testsuite hostname="DESKTOP-AFEKMFB" failures="0" tests="1" name="CodeStudio.MavenStudio.TestNGDemo1" time="18.421" errors="0" timestamp="2022-12-07T23:15:41 IST" skipped="0">
  <testcase classname="CodeStudio.MavenStudio.TestNGDemo1" name="verifyPageTitle" time="18.421"/>
  <system-out/>
</testsuite> <!-- CodeStudio.MavenStudio.TestNGDemo1 -->
